The target system is: Linux -  - aarch64
The host system is: Linux - 5.15.0-92-generic - x86_64
Compiling the CXX compiler identification source file "CMakeCXXCompilerId.cpp" succeeded.
Compiler: /usr/local/oecore-x86_64/sysroots/x86_64-oesdk-linux/usr/bin/aarch64-oe-linux/aarch64-oe-linux-g++ -march=armv8-a;-mcpu=cortex-a57;-mtune=cortex-a57;--sysroot=/usr/local/oecore-x86_64/sysroots/aarch64-oe-linux
Build flags: ;-O2;-fomit-frame-pointer;;;;-Wa,--noexecstack;-fexpensive-optimizations;;;-frename-registers;-ftree-vectorize;;;-finline-functions;-finline-limit=64;;;-Wno-error=maybe-uninitialized;-Wno-error=unused-result;;;;
Id flags:  

The output was:
0


Compilation of the CXX compiler identification source "CMakeCXXCompilerId.cpp" produced "a.out"

The CXX compiler identification is GNU, found in "/home/sujin/01_WORK/edge_sdk_r22-11-SDK_ori/sample_code/DataFusion/build/CMakeFiles/3.16.5/CompilerIdCXX/a.out"

Determining if the CXX compiler works passed with the following output:
Change Dir: /home/sujin/01_WORK/edge_sdk_r22-11-SDK_ori/sample_code/DataFusion/build/CMakeFiles/CMakeTmp

Run Build Command(s):/usr/local/oecore-x86_64/sysroots/x86_64-oesdk-linux/usr/bin/make cmTC_f0656/fast && /usr/local/oecore-x86_64/sysroots/x86_64-oesdk-linux/usr/bin/make -f CMakeFiles/cmTC_f0656.dir/build.make CMakeFiles/cmTC_f0656.dir/build
make[1]: Entering directory '/home/sujin/01_WORK/edge_sdk_r22-11-SDK_ori/sample_code/DataFusion/build/CMakeFiles/CMakeTmp'
Building CXX object CMakeFiles/cmTC_f0656.dir/testCXXCompiler.cxx.o
/usr/local/oecore-x86_64/sysroots/x86_64-oesdk-linux/usr/bin/aarch64-oe-linux/aarch64-oe-linux-g++  -march=armv8-a -mcpu=cortex-a57 -mtune=cortex-a57 --sysroot=/usr/local/oecore-x86_64/sysroots/aarch64-oe-linux --sysroot=/usr/local/oecore-x86_64/sysroots/aarch64-oe-linux    -O2 -fomit-frame-pointer    -Wa,--noexecstack -fexpensive-optimizations   -frename-registers -ftree-vectorize   -finline-functions -finline-limit=64   -Wno-error=maybe-uninitialized -Wno-error=unused-result        -o CMakeFiles/cmTC_f0656.dir/testCXXCompiler.cxx.o -c /home/sujin/01_WORK/edge_sdk_r22-11-SDK_ori/sample_code/DataFusion/build/CMakeFiles/CMakeTmp/testCXXCompiler.cxx
Linking CXX executable cmTC_f0656
/usr/local/oecore-x86_64/sysroots/x86_64-oesdk-linux/usr/bin/cmake -E cmake_link_script CMakeFiles/cmTC_f0656.dir/link.txt --verbose=1
/usr/local/oecore-x86_64/sysroots/x86_64-oesdk-linux/usr/bin/aarch64-oe-linux/aarch64-oe-linux-g++  -march=armv8-a -mcpu=cortex-a57 -mtune=cortex-a57 --sysroot=/usr/local/oecore-x86_64/sysroots/aarch64-oe-linux --sysroot=/usr/local/oecore-x86_64/sysroots/aarch64-oe-linux   -O2 -fomit-frame-pointer    -Wa,--noexecstack -fexpensive-optimizations   -frename-registers -ftree-vectorize   -finline-functions -finline-limit=64   -Wno-error=maybe-uninitialized -Wno-error=unused-result       -Wl,-O1 -Wl,--hash-style=gnu -Wl,--as-needed  CMakeFiles/cmTC_f0656.dir/testCXXCompiler.cxx.o  -o cmTC_f0656 
make[1]: Leaving directory '/home/sujin/01_WORK/edge_sdk_r22-11-SDK_ori/sample_code/DataFusion/build/CMakeFiles/CMakeTmp'



Detecting CXX compiler ABI info compiled with the following output:
Change Dir: /home/sujin/01_WORK/edge_sdk_r22-11-SDK_ori/sample_code/DataFusion/build/CMakeFiles/CMakeTmp

Run Build Command(s):/usr/local/oecore-x86_64/sysroots/x86_64-oesdk-linux/usr/bin/make cmTC_0dda0/fast && /usr/local/oecore-x86_64/sysroots/x86_64-oesdk-linux/usr/bin/make -f CMakeFiles/cmTC_0dda0.dir/build.make CMakeFiles/cmTC_0dda0.dir/build
make[1]: Entering directory '/home/sujin/01_WORK/edge_sdk_r22-11-SDK_ori/sample_code/DataFusion/build/CMakeFiles/CMakeTmp'
Building CXX object CMakeFiles/cmTC_0dda0.dir/CMakeCXXCompilerABI.cpp.o
/usr/local/oecore-x86_64/sysroots/x86_64-oesdk-linux/usr/bin/aarch64-oe-linux/aarch64-oe-linux-g++  -march=armv8-a -mcpu=cortex-a57 -mtune=cortex-a57 --sysroot=/usr/local/oecore-x86_64/sysroots/aarch64-oe-linux --sysroot=/usr/local/oecore-x86_64/sysroots/aarch64-oe-linux    -O2 -fomit-frame-pointer    -Wa,--noexecstack -fexpensive-optimizations   -frename-registers -ftree-vectorize   -finline-functions -finline-limit=64   -Wno-error=maybe-uninitialized -Wno-error=unused-result        -v -o CMakeFiles/cmTC_0dda0.dir/CMakeCXXCompilerABI.cpp.o -c /usr/local/oecore-x86_64/sysroots/x86_64-oesdk-linux/usr/share/cmake-3.16/Modules/CMakeCXXCompilerABI.cpp
Using built-in specs.
COLLECT_GCC=/usr/local/oecore-x86_64/sysroots/x86_64-oesdk-linux/usr/bin/aarch64-oe-linux/aarch64-oe-linux-g++
Target: aarch64-oe-linux
Configured with: ../../../../../../work-shared/gcc-9.3.0-r0/gcc-9.3.0/configure --build=x86_64-linux --host=x86_64-oesdk-linux --target=aarch64-oe-linux --prefix=/usr/local/oecore-x86_64/sysroots/x86_64-oesdk-linux/usr --exec_prefix=/usr/local/oecore-x86_64/sysroots/x86_64-oesdk-linux/usr --bindir=/usr/local/oecore-x86_64/sysroots/x86_64-oesdk-linux/usr/bin/aarch64-oe-linux --sbindir=/usr/local/oecore-x86_64/sysroots/x86_64-oesdk-linux/usr/bin/aarch64-oe-linux --libexecdir=/usr/local/oecore-x86_64/sysroots/x86_64-oesdk-linux/usr/libexec/aarch64-oe-linux --datadir=/usr/local/oecore-x86_64/sysroots/x86_64-oesdk-linux/usr/share --sysconfdir=/usr/local/oecore-x86_64/sysroots/x86_64-oesdk-linux/etc --sharedstatedir=/usr/local/oecore-x86_64/sysroots/x86_64-oesdk-linux/com --localstatedir=/usr/local/oecore-x86_64/sysroots/x86_64-oesdk-linux/var --libdir=/usr/local/oecore-x86_64/sysroots/x86_64-oesdk-linux/usr/lib/aarch64-oe-linux --includedir=/usr/local/oecore-x86_64/sysroots/x86_64-oesdk-linux/usr/include --oldincludedir=/usr/local/oecore-x86_64/sysroots/x86_64-oesdk-linux/usr/include --infodir=/usr/local/oecore-x86_64/sysroots/x86_64-oesdk-linux/usr/share/info --mandir=/usr/local/oecore-x86_64/sysroots/x86_64-oesdk-linux/usr/share/man --disable-silent-rules --disable-dependency-tracking --with-libtool-sysroot=/home/shan/git/bsp/edge_bsp_sa8195/sources/apps/apps_proc/poky/build/tmp-glibc/work/x86_64-nativesdk-oesdk-linux/gcc-cross-canadian-aarch64/9.3.0-r0/recipe-sysroot --with-gnu-ld --enable-shared --enable-languages=c,c++,fortran --enable-threads=posix --enable-multilib --enable-c99 --enable-long-long --enable-symvers=gnu --enable-libstdcxx-pch --program-prefix=aarch64-oe-linux- --without-local-prefix --disable-install-libiberty --enable-lto --disable-libssp --enable-libitm --disable-bootstrap --disable-libmudflap --with-system-zlib --with-linker-hash-style=gnu --enable-linker-build-id --with-ppl=no --with-cloog=no --enable-checking=release --enable-cheaders=c_global --without-isl --with-gxx-include-dir=/not/exist/usr/include/c++/9.3.0 --with-build-time-tools=/home/shan/git/bsp/edge_bsp_sa8195/sources/apps/apps_proc/poky/build/tmp-glibc/work/x86_64-nativesdk-oesdk-linux/gcc-cross-canadian-aarch64/9.3.0-r0/recipe-sysroot-native/usr/aarch64-oe-linux/bin --with-sysroot=/not/exist --with-build-sysroot=/home/shan/git/bsp/edge_bsp_sa8195/sources/apps/apps_proc/poky/build/tmp-glibc/work/x86_64-nativesdk-oesdk-linux/gcc-cross-canadian-aarch64/9.3.0-r0/recipe-sysroot --enable-poison-system-directories --enable-nls --with-glibc-version=2.28 --enable-initfini-array --enable-__cxa_atexit
Thread model: posix
gcc version 9.3.0 (GCC) 
COLLECT_GCC_OPTIONS='--sysroot=/usr/local/oecore-x86_64/sysroots/aarch64-oe-linux' '-march=armv8-a' '-mcpu=cortex-a57' '-mtune=cortex-a57' '-O2' '-fomit-frame-pointer' '-fexpensive-optimizations' '-frename-registers' '-ftree-vectorize' '-finline-functions' '-finline-limit=64' '-Wno-error=maybe-uninitialized' '-Wno-error=unused-result' '-v' '-o' 'CMakeFiles/cmTC_0dda0.dir/CMakeCXXCompilerABI.cpp.o' '-c' '-shared-libgcc' '-mlittle-endian' '-mabi=lp64'
 /usr/local/oecore-x86_64/sysroots/x86_64-oesdk-linux/usr/libexec/aarch64-oe-linux/gcc/aarch64-oe-linux/9.3.0/cc1plus -quiet -v -isysroot /usr/local/oecore-x86_64/sysroots/aarch64-oe-linux -D_GNU_SOURCE /usr/local/oecore-x86_64/sysroots/x86_64-oesdk-linux/usr/share/cmake-3.16/Modules/CMakeCXXCompilerABI.cpp -quiet -dumpbase CMakeCXXCompilerABI.cpp -march=armv8-a -mcpu=cortex-a57 -mtune=cortex-a57 -mlittle-endian -mabi=lp64 -auxbase-strip CMakeFiles/cmTC_0dda0.dir/CMakeCXXCompilerABI.cpp.o -O2 -Wno-error=maybe-uninitialized -Wno-error=unused-result -version -fomit-frame-pointer -fexpensive-optimizations -frename-registers -ftree-vectorize -finline-functions -finline-limit=64 -o /tmp/cc3EVRYT.s
GNU C++14 (GCC) version 9.3.0 (aarch64-oe-linux)
	compiled by GNU C version 9.3.0, GMP version 6.2.0, MPFR version 4.0.2, MPC version 1.1.0, isl version none
GGC heuristics: --param ggc-min-expand=100 --param ggc-min-heapsize=131072
ignoring nonexistent directory "/usr/local/oecore-x86_64/sysroots/aarch64-oe-linux/usr/local/include"
ignoring nonexistent directory "/usr/local/oecore-x86_64/sysroots/x86_64-oesdk-linux/usr/lib/aarch64-oe-linux/gcc/aarch64-oe-linux/9.3.0/../../../../../aarch64-oe-linux/include"
#include "..." search starts here:
#include <...> search starts here:
 /usr/local/oecore-x86_64/sysroots/aarch64-oe-linux/usr/include/c++/9.3.0
 /usr/local/oecore-x86_64/sysroots/aarch64-oe-linux/usr/include/c++/9.3.0/aarch64-oe-linux
 /usr/local/oecore-x86_64/sysroots/aarch64-oe-linux/usr/include/c++/9.3.0/backward
 /usr/local/oecore-x86_64/sysroots/x86_64-oesdk-linux/usr/lib/aarch64-oe-linux/gcc/aarch64-oe-linux/9.3.0/include
 /usr/local/oecore-x86_64/sysroots/aarch64-oe-linux/usr/lib/aarch64-oe-linux/9.3.0/include
 /usr/local/oecore-x86_64/sysroots/x86_64-oesdk-linux/usr/lib/aarch64-oe-linux/gcc/aarch64-oe-linux/9.3.0/include-fixed
 /usr/local/oecore-x86_64/sysroots/aarch64-oe-linux/usr/include/
End of search list.
GNU C++14 (GCC) version 9.3.0 (aarch64-oe-linux)
	compiled by GNU C version 9.3.0, GMP version 6.2.0, MPFR version 4.0.2, MPC version 1.1.0, isl version none
GGC heuristics: --param ggc-min-expand=100 --param ggc-min-heapsize=131072
Compiler executable checksum: c4a2a0761fbe33fdb58227d3a892610d
COLLECT_GCC_OPTIONS='--sysroot=/usr/local/oecore-x86_64/sysroots/aarch64-oe-linux' '-march=armv8-a' '-mcpu=cortex-a57' '-mtune=cortex-a57' '-O2' '-fomit-frame-pointer' '-fexpensive-optimizations' '-frename-registers' '-ftree-vectorize' '-finline-functions' '-finline-limit=64' '-Wno-error=maybe-uninitialized' '-Wno-error=unused-result' '-v' '-o' 'CMakeFiles/cmTC_0dda0.dir/CMakeCXXCompilerABI.cpp.o' '-c' '-shared-libgcc' '-mlittle-endian' '-mabi=lp64'
 /usr/local/oecore-x86_64/sysroots/x86_64-oesdk-linux/usr/libexec/aarch64-oe-linux/gcc/aarch64-oe-linux/9.3.0/as -v -EL -march=armv8-a -march=armv8-a+crc -mabi=lp64 --noexecstack -o CMakeFiles/cmTC_0dda0.dir/CMakeCXXCompilerABI.cpp.o /tmp/cc3EVRYT.s
GNU assembler version 2.29.1 (aarch64-oe-linux) using BFD version (GNU Binutils) 2.29.1.20180115
COMPILER_PATH=/usr/local/oecore-x86_64/sysroots/x86_64-oesdk-linux/usr/libexec/aarch64-oe-linux/gcc/aarch64-oe-linux/9.3.0/:/usr/local/oecore-x86_64/sysroots/x86_64-oesdk-linux/usr/libexec/aarch64-oe-linux/gcc/aarch64-oe-linux/9.3.0/:/usr/local/oecore-x86_64/sysroots/x86_64-oesdk-linux/usr/libexec/aarch64-oe-linux/gcc/aarch64-oe-linux/:/usr/local/oecore-x86_64/sysroots/x86_64-oesdk-linux/usr/lib/aarch64-oe-linux/gcc/aarch64-oe-linux/9.3.0/:/usr/local/oecore-x86_64/sysroots/x86_64-oesdk-linux/usr/lib/aarch64-oe-linux/gcc/aarch64-oe-linux/
LIBRARY_PATH=/usr/local/oecore-x86_64/sysroots/x86_64-oesdk-linux/usr/lib/aarch64-oe-linux/gcc/aarch64-oe-linux/9.3.0/:/usr/local/oecore-x86_64/sysroots/aarch64-oe-linux/lib/:/usr/local/oecore-x86_64/sysroots/aarch64-oe-linux/usr/lib/aarch64-oe-linux/9.3.0/:/usr/local/oecore-x86_64/sysroots/aarch64-oe-linux/usr/lib/
COLLECT_GCC_OPTIONS='--sysroot=/usr/local/oecore-x86_64/sysroots/aarch64-oe-linux' '-march=armv8-a' '-mcpu=cortex-a57' '-mtune=cortex-a57' '-O2' '-fomit-frame-pointer' '-fexpensive-optimizations' '-frename-registers' '-ftree-vectorize' '-finline-functions' '-finline-limit=64' '-Wno-error=maybe-uninitialized' '-Wno-error=unused-result' '-v' '-o' 'CMakeFiles/cmTC_0dda0.dir/CMakeCXXCompilerABI.cpp.o' '-c' '-shared-libgcc' '-mlittle-endian' '-mabi=lp64'
Linking CXX executable cmTC_0dda0
/usr/local/oecore-x86_64/sysroots/x86_64-oesdk-linux/usr/bin/cmake -E cmake_link_script CMakeFiles/cmTC_0dda0.dir/link.txt --verbose=1
/usr/local/oecore-x86_64/sysroots/x86_64-oesdk-linux/usr/bin/aarch64-oe-linux/aarch64-oe-linux-g++  -march=armv8-a -mcpu=cortex-a57 -mtune=cortex-a57 --sysroot=/usr/local/oecore-x86_64/sysroots/aarch64-oe-linux --sysroot=/usr/local/oecore-x86_64/sysroots/aarch64-oe-linux   -O2 -fomit-frame-pointer    -Wa,--noexecstack -fexpensive-optimizations   -frename-registers -ftree-vectorize   -finline-functions -finline-limit=64   -Wno-error=maybe-uninitialized -Wno-error=unused-result       -Wl,-O1 -Wl,--hash-style=gnu -Wl,--as-needed -v CMakeFiles/cmTC_0dda0.dir/CMakeCXXCompilerABI.cpp.o  -o cmTC_0dda0 
Using built-in specs.
COLLECT_GCC=/usr/local/oecore-x86_64/sysroots/x86_64-oesdk-linux/usr/bin/aarch64-oe-linux/aarch64-oe-linux-g++
COLLECT_LTO_WRAPPER=/usr/local/oecore-x86_64/sysroots/x86_64-oesdk-linux/usr/libexec/aarch64-oe-linux/gcc/aarch64-oe-linux/9.3.0/lto-wrapper
Target: aarch64-oe-linux
Configured with: ../../../../../../work-shared/gcc-9.3.0-r0/gcc-9.3.0/configure --build=x86_64-linux --host=x86_64-oesdk-linux --target=aarch64-oe-linux --prefix=/usr/local/oecore-x86_64/sysroots/x86_64-oesdk-linux/usr --exec_prefix=/usr/local/oecore-x86_64/sysroots/x86_64-oesdk-linux/usr --bindir=/usr/local/oecore-x86_64/sysroots/x86_64-oesdk-linux/usr/bin/aarch64-oe-linux --sbindir=/usr/local/oecore-x86_64/sysroots/x86_64-oesdk-linux/usr/bin/aarch64-oe-linux --libexecdir=/usr/local/oecore-x86_64/sysroots/x86_64-oesdk-linux/usr/libexec/aarch64-oe-linux --datadir=/usr/local/oecore-x86_64/sysroots/x86_64-oesdk-linux/usr/share --sysconfdir=/usr/local/oecore-x86_64/sysroots/x86_64-oesdk-linux/etc --sharedstatedir=/usr/local/oecore-x86_64/sysroots/x86_64-oesdk-linux/com --localstatedir=/usr/local/oecore-x86_64/sysroots/x86_64-oesdk-linux/var --libdir=/usr/local/oecore-x86_64/sysroots/x86_64-oesdk-linux/usr/lib/aarch64-oe-linux --includedir=/usr/local/oecore-x86_64/sysroots/x86_64-oesdk-linux/usr/include --oldincludedir=/usr/local/oecore-x86_64/sysroots/x86_64-oesdk-linux/usr/include --infodir=/usr/local/oecore-x86_64/sysroots/x86_64-oesdk-linux/usr/share/info --mandir=/usr/local/oecore-x86_64/sysroots/x86_64-oesdk-linux/usr/share/man --disable-silent-rules --disable-dependency-tracking --with-libtool-sysroot=/home/shan/git/bsp/edge_bsp_sa8195/sources/apps/apps_proc/poky/build/tmp-glibc/work/x86_64-nativesdk-oesdk-linux/gcc-cross-canadian-aarch64/9.3.0-r0/recipe-sysroot --with-gnu-ld --enable-shared --enable-languages=c,c++,fortran --enable-threads=posix --enable-multilib --enable-c99 --enable-long-long --enable-symvers=gnu --enable-libstdcxx-pch --program-prefix=aarch64-oe-linux- --without-local-prefix --disable-install-libiberty --enable-lto --disable-libssp --enable-libitm --disable-bootstrap --disable-libmudflap --with-system-zlib --with-linker-hash-style=gnu --enable-linker-build-id --with-ppl=no --with-cloog=no --enable-checking=release --enable-cheaders=c_global --without-isl --with-gxx-include-dir=/not/exist/usr/include/c++/9.3.0 --with-build-time-tools=/home/shan/git/bsp/edge_bsp_sa8195/sources/apps/apps_proc/poky/build/tmp-glibc/work/x86_64-nativesdk-oesdk-linux/gcc-cross-canadian-aarch64/9.3.0-r0/recipe-sysroot-native/usr/aarch64-oe-linux/bin --with-sysroot=/not/exist --with-build-sysroot=/home/shan/git/bsp/edge_bsp_sa8195/sources/apps/apps_proc/poky/build/tmp-glibc/work/x86_64-nativesdk-oesdk-linux/gcc-cross-canadian-aarch64/9.3.0-r0/recipe-sysroot --enable-poison-system-directories --enable-nls --with-glibc-version=2.28 --enable-initfini-array --enable-__cxa_atexit
Thread model: posix
gcc version 9.3.0 (GCC) 
COMPILER_PATH=/usr/local/oecore-x86_64/sysroots/x86_64-oesdk-linux/usr/libexec/aarch64-oe-linux/gcc/aarch64-oe-linux/9.3.0/:/usr/local/oecore-x86_64/sysroots/x86_64-oesdk-linux/usr/libexec/aarch64-oe-linux/gcc/aarch64-oe-linux/9.3.0/:/usr/local/oecore-x86_64/sysroots/x86_64-oesdk-linux/usr/libexec/aarch64-oe-linux/gcc/aarch64-oe-linux/:/usr/local/oecore-x86_64/sysroots/x86_64-oesdk-linux/usr/lib/aarch64-oe-linux/gcc/aarch64-oe-linux/9.3.0/:/usr/local/oecore-x86_64/sysroots/x86_64-oesdk-linux/usr/lib/aarch64-oe-linux/gcc/aarch64-oe-linux/
LIBRARY_PATH=/usr/local/oecore-x86_64/sysroots/x86_64-oesdk-linux/usr/lib/aarch64-oe-linux/gcc/aarch64-oe-linux/9.3.0/:/usr/local/oecore-x86_64/sysroots/aarch64-oe-linux/lib/:/usr/local/oecore-x86_64/sysroots/aarch64-oe-linux/usr/lib/aarch64-oe-linux/9.3.0/:/usr/local/oecore-x86_64/sysroots/aarch64-oe-linux/usr/lib/
COLLECT_GCC_OPTIONS='--sysroot=/usr/local/oecore-x86_64/sysroots/aarch64-oe-linux' '-march=armv8-a' '-mcpu=cortex-a57' '-mtune=cortex-a57' '-O2' '-fomit-frame-pointer' '-fexpensive-optimizations' '-frename-registers' '-ftree-vectorize' '-finline-functions' '-finline-limit=64' '-Wno-error=maybe-uninitialized' '-Wno-error=unused-result' '-v' '-o' 'cmTC_0dda0' '-shared-libgcc' '-mlittle-endian' '-mabi=lp64'
 /usr/local/oecore-x86_64/sysroots/x86_64-oesdk-linux/usr/libexec/aarch64-oe-linux/gcc/aarch64-oe-linux/9.3.0/collect2 -plugin /usr/local/oecore-x86_64/sysroots/x86_64-oesdk-linux/usr/libexec/aarch64-oe-linux/gcc/aarch64-oe-linux/9.3.0/liblto_plugin.so -plugin-opt=/usr/local/oecore-x86_64/sysroots/x86_64-oesdk-linux/usr/libexec/aarch64-oe-linux/gcc/aarch64-oe-linux/9.3.0/lto-wrapper -plugin-opt=-fresolution=/tmp/ccaVZr4n.res -plugin-opt=-pass-through=-lgcc_s -plugin-opt=-pass-through=-lgcc -plugin-opt=-pass-through=-lc -plugin-opt=-pass-through=-lgcc_s -plugin-opt=-pass-through=-lgcc --sysroot=/usr/local/oecore-x86_64/sysroots/aarch64-oe-linux --build-id --eh-frame-hdr --hash-style=gnu -dynamic-linker /lib/ld-linux-aarch64.so.1 -X -EL -maarch64linux -o cmTC_0dda0 /usr/local/oecore-x86_64/sysroots/aarch64-oe-linux/usr/lib/crt1.o /usr/local/oecore-x86_64/sysroots/aarch64-oe-linux/usr/lib/crti.o /usr/local/oecore-x86_64/sysroots/aarch64-oe-linux/usr/lib/aarch64-oe-linux/9.3.0/crtbegin.o -L/usr/local/oecore-x86_64/sysroots/x86_64-oesdk-linux/usr/lib/aarch64-oe-linux/gcc/aarch64-oe-linux/9.3.0 -L/usr/local/oecore-x86_64/sysroots/aarch64-oe-linux/lib -L/usr/local/oecore-x86_64/sysroots/aarch64-oe-linux/usr/lib/aarch64-oe-linux/9.3.0 -L/usr/local/oecore-x86_64/sysroots/aarch64-oe-linux/usr/lib -O1 --hash-style=gnu --as-needed CMakeFiles/cmTC_0dda0.dir/CMakeCXXCompilerABI.cpp.o -lstdc++ -lm -lgcc_s -lgcc -lc -lgcc_s -lgcc /usr/local/oecore-x86_64/sysroots/aarch64-oe-linux/usr/lib/aarch64-oe-linux/9.3.0/crtend.o /usr/local/oecore-x86_64/sysroots/aarch64-oe-linux/usr/lib/crtn.o
COLLECT_GCC_OPTIONS='--sysroot=/usr/local/oecore-x86_64/sysroots/aarch64-oe-linux' '-march=armv8-a' '-mcpu=cortex-a57' '-mtune=cortex-a57' '-O2' '-fomit-frame-pointer' '-fexpensive-optimizations' '-frename-registers' '-ftree-vectorize' '-finline-functions' '-finline-limit=64' '-Wno-error=maybe-uninitialized' '-Wno-error=unused-result' '-v' '-o' 'cmTC_0dda0' '-shared-libgcc' '-mlittle-endian' '-mabi=lp64'
make[1]: Leaving directory '/home/sujin/01_WORK/edge_sdk_r22-11-SDK_ori/sample_code/DataFusion/build/CMakeFiles/CMakeTmp'



Parsed CXX implicit include dir info from above output: rv=done
  found start of include info
  found start of implicit include info
    add: [/usr/local/oecore-x86_64/sysroots/aarch64-oe-linux/usr/include/c++/9.3.0]
    add: [/usr/local/oecore-x86_64/sysroots/aarch64-oe-linux/usr/include/c++/9.3.0/aarch64-oe-linux]
    add: [/usr/local/oecore-x86_64/sysroots/aarch64-oe-linux/usr/include/c++/9.3.0/backward]
    add: [/usr/local/oecore-x86_64/sysroots/x86_64-oesdk-linux/usr/lib/aarch64-oe-linux/gcc/aarch64-oe-linux/9.3.0/include]
    add: [/usr/local/oecore-x86_64/sysroots/aarch64-oe-linux/usr/lib/aarch64-oe-linux/9.3.0/include]
    add: [/usr/local/oecore-x86_64/sysroots/x86_64-oesdk-linux/usr/lib/aarch64-oe-linux/gcc/aarch64-oe-linux/9.3.0/include-fixed]
    add: [/usr/local/oecore-x86_64/sysroots/aarch64-oe-linux/usr/include/]
  end of search list found
  collapse include dir [/usr/local/oecore-x86_64/sysroots/aarch64-oe-linux/usr/include/c++/9.3.0] ==> [/usr/local/oecore-x86_64/sysroots/aarch64-oe-linux/usr/include/c++/9.3.0]
  collapse include dir [/usr/local/oecore-x86_64/sysroots/aarch64-oe-linux/usr/include/c++/9.3.0/aarch64-oe-linux] ==> [/usr/local/oecore-x86_64/sysroots/aarch64-oe-linux/usr/include/c++/9.3.0/aarch64-oe-linux]
  collapse include dir [/usr/local/oecore-x86_64/sysroots/aarch64-oe-linux/usr/include/c++/9.3.0/backward] ==> [/usr/local/oecore-x86_64/sysroots/aarch64-oe-linux/usr/include/c++/9.3.0/backward]
  collapse include dir [/usr/local/oecore-x86_64/sysroots/x86_64-oesdk-linux/usr/lib/aarch64-oe-linux/gcc/aarch64-oe-linux/9.3.0/include] ==> [/usr/local/oecore-x86_64/sysroots/x86_64-oesdk-linux/usr/lib/aarch64-oe-linux/gcc/aarch64-oe-linux/9.3.0/include]
  collapse include dir [/usr/local/oecore-x86_64/sysroots/aarch64-oe-linux/usr/lib/aarch64-oe-linux/9.3.0/include] ==> [/usr/local/oecore-x86_64/sysroots/aarch64-oe-linux/usr/lib/aarch64-oe-linux/9.3.0/include]
  collapse include dir [/usr/local/oecore-x86_64/sysroots/x86_64-oesdk-linux/usr/lib/aarch64-oe-linux/gcc/aarch64-oe-linux/9.3.0/include-fixed] ==> [/usr/local/oecore-x86_64/sysroots/x86_64-oesdk-linux/usr/lib/aarch64-oe-linux/gcc/aarch64-oe-linux/9.3.0/include-fixed]
  collapse include dir [/usr/local/oecore-x86_64/sysroots/aarch64-oe-linux/usr/include/] ==> [/usr/local/oecore-x86_64/sysroots/aarch64-oe-linux/usr/include]
  implicit include dirs: [/usr/local/oecore-x86_64/sysroots/aarch64-oe-linux/usr/include/c++/9.3.0;/usr/local/oecore-x86_64/sysroots/aarch64-oe-linux/usr/include/c++/9.3.0/aarch64-oe-linux;/usr/local/oecore-x86_64/sysroots/aarch64-oe-linux/usr/include/c++/9.3.0/backward;/usr/local/oecore-x86_64/sysroots/x86_64-oesdk-linux/usr/lib/aarch64-oe-linux/gcc/aarch64-oe-linux/9.3.0/include;/usr/local/oecore-x86_64/sysroots/aarch64-oe-linux/usr/lib/aarch64-oe-linux/9.3.0/include;/usr/local/oecore-x86_64/sysroots/x86_64-oesdk-linux/usr/lib/aarch64-oe-linux/gcc/aarch64-oe-linux/9.3.0/include-fixed;/usr/local/oecore-x86_64/sysroots/aarch64-oe-linux/usr/include]


Parsed CXX implicit link information from above output:
  link line regex: [^( *|.*[/\])(aarch64-oe-linux-ld|CMAKE_LINK_STARTFILE-NOTFOUND|([^/\]+-)?ld|collect2)[^/\]*( |$)]
  ignore line: [Change Dir: /home/sujin/01_WORK/edge_sdk_r22-11-SDK_ori/sample_code/DataFusion/build/CMakeFiles/CMakeTmp]
  ignore line: []
  ignore line: [Run Build Command(s):/usr/local/oecore-x86_64/sysroots/x86_64-oesdk-linux/usr/bin/make cmTC_0dda0/fast && /usr/local/oecore-x86_64/sysroots/x86_64-oesdk-linux/usr/bin/make -f CMakeFiles/cmTC_0dda0.dir/build.make CMakeFiles/cmTC_0dda0.dir/build]
  ignore line: [make[1]: Entering directory '/home/sujin/01_WORK/edge_sdk_r22-11-SDK_ori/sample_code/DataFusion/build/CMakeFiles/CMakeTmp']
  ignore line: [Building CXX object CMakeFiles/cmTC_0dda0.dir/CMakeCXXCompilerABI.cpp.o]
  ignore line: [/usr/local/oecore-x86_64/sysroots/x86_64-oesdk-linux/usr/bin/aarch64-oe-linux/aarch64-oe-linux-g++  -march=armv8-a -mcpu=cortex-a57 -mtune=cortex-a57 --sysroot=/usr/local/oecore-x86_64/sysroots/aarch64-oe-linux --sysroot=/usr/local/oecore-x86_64/sysroots/aarch64-oe-linux    -O2 -fomit-frame-pointer    -Wa --noexecstack -fexpensive-optimizations   -frename-registers -ftree-vectorize   -finline-functions -finline-limit=64   -Wno-error=maybe-uninitialized -Wno-error=unused-result        -v -o CMakeFiles/cmTC_0dda0.dir/CMakeCXXCompilerABI.cpp.o -c /usr/local/oecore-x86_64/sysroots/x86_64-oesdk-linux/usr/share/cmake-3.16/Modules/CMakeCXXCompilerABI.cpp]
  ignore line: [Using built-in specs.]
  ignore line: [COLLECT_GCC=/usr/local/oecore-x86_64/sysroots/x86_64-oesdk-linux/usr/bin/aarch64-oe-linux/aarch64-oe-linux-g++]
  ignore line: [Target: aarch64-oe-linux]
  ignore line: [Configured with: ../../../../../../work-shared/gcc-9.3.0-r0/gcc-9.3.0/configure --build=x86_64-linux --host=x86_64-oesdk-linux --target=aarch64-oe-linux --prefix=/usr/local/oecore-x86_64/sysroots/x86_64-oesdk-linux/usr --exec_prefix=/usr/local/oecore-x86_64/sysroots/x86_64-oesdk-linux/usr --bindir=/usr/local/oecore-x86_64/sysroots/x86_64-oesdk-linux/usr/bin/aarch64-oe-linux --sbindir=/usr/local/oecore-x86_64/sysroots/x86_64-oesdk-linux/usr/bin/aarch64-oe-linux --libexecdir=/usr/local/oecore-x86_64/sysroots/x86_64-oesdk-linux/usr/libexec/aarch64-oe-linux --datadir=/usr/local/oecore-x86_64/sysroots/x86_64-oesdk-linux/usr/share --sysconfdir=/usr/local/oecore-x86_64/sysroots/x86_64-oesdk-linux/etc --sharedstatedir=/usr/local/oecore-x86_64/sysroots/x86_64-oesdk-linux/com --localstatedir=/usr/local/oecore-x86_64/sysroots/x86_64-oesdk-linux/var --libdir=/usr/local/oecore-x86_64/sysroots/x86_64-oesdk-linux/usr/lib/aarch64-oe-linux --includedir=/usr/local/oecore-x86_64/sysroots/x86_64-oesdk-linux/usr/include --oldincludedir=/usr/local/oecore-x86_64/sysroots/x86_64-oesdk-linux/usr/include --infodir=/usr/local/oecore-x86_64/sysroots/x86_64-oesdk-linux/usr/share/info --mandir=/usr/local/oecore-x86_64/sysroots/x86_64-oesdk-linux/usr/share/man --disable-silent-rules --disable-dependency-tracking --with-libtool-sysroot=/home/shan/git/bsp/edge_bsp_sa8195/sources/apps/apps_proc/poky/build/tmp-glibc/work/x86_64-nativesdk-oesdk-linux/gcc-cross-canadian-aarch64/9.3.0-r0/recipe-sysroot --with-gnu-ld --enable-shared --enable-languages=c,c++,fortran --enable-threads=posix --enable-multilib --enable-c99 --enable-long-long --enable-symvers=gnu --enable-libstdcxx-pch --program-prefix=aarch64-oe-linux- --without-local-prefix --disable-install-libiberty --enable-lto --disable-libssp --enable-libitm --disable-bootstrap --disable-libmudflap --with-system-zlib --with-linker-hash-style=gnu --enable-linker-build-id --with-ppl=no --with-cloog=no --enable-checking=release --enable-cheaders=c_global --without-isl --with-gxx-include-dir=/not/exist/usr/include/c++/9.3.0 --with-build-time-tools=/home/shan/git/bsp/edge_bsp_sa8195/sources/apps/apps_proc/poky/build/tmp-glibc/work/x86_64-nativesdk-oesdk-linux/gcc-cross-canadian-aarch64/9.3.0-r0/recipe-sysroot-native/usr/aarch64-oe-linux/bin --with-sysroot=/not/exist --with-build-sysroot=/home/shan/git/bsp/edge_bsp_sa8195/sources/apps/apps_proc/poky/build/tmp-glibc/work/x86_64-nativesdk-oesdk-linux/gcc-cross-canadian-aarch64/9.3.0-r0/recipe-sysroot --enable-poison-system-directories --enable-nls --with-glibc-version=2.28 --enable-initfini-array --enable-__cxa_atexit]
  ignore line: [Thread model: posix]
  ignore line: [gcc version 9.3.0 (GCC) ]
  ignore line: [COLLECT_GCC_OPTIONS='--sysroot=/usr/local/oecore-x86_64/sysroots/aarch64-oe-linux' '-march=armv8-a' '-mcpu=cortex-a57' '-mtune=cortex-a57' '-O2' '-fomit-frame-pointer' '-fexpensive-optimizations' '-frename-registers' '-ftree-vectorize' '-finline-functions' '-finline-limit=64' '-Wno-error=maybe-uninitialized' '-Wno-error=unused-result' '-v' '-o' 'CMakeFiles/cmTC_0dda0.dir/CMakeCXXCompilerABI.cpp.o' '-c' '-shared-libgcc' '-mlittle-endian' '-mabi=lp64']
  ignore line: [ /usr/local/oecore-x86_64/sysroots/x86_64-oesdk-linux/usr/libexec/aarch64-oe-linux/gcc/aarch64-oe-linux/9.3.0/cc1plus -quiet -v -isysroot /usr/local/oecore-x86_64/sysroots/aarch64-oe-linux -D_GNU_SOURCE /usr/local/oecore-x86_64/sysroots/x86_64-oesdk-linux/usr/share/cmake-3.16/Modules/CMakeCXXCompilerABI.cpp -quiet -dumpbase CMakeCXXCompilerABI.cpp -march=armv8-a -mcpu=cortex-a57 -mtune=cortex-a57 -mlittle-endian -mabi=lp64 -auxbase-strip CMakeFiles/cmTC_0dda0.dir/CMakeCXXCompilerABI.cpp.o -O2 -Wno-error=maybe-uninitialized -Wno-error=unused-result -version -fomit-frame-pointer -fexpensive-optimizations -frename-registers -ftree-vectorize -finline-functions -finline-limit=64 -o /tmp/cc3EVRYT.s]
  ignore line: [GNU C++14 (GCC) version 9.3.0 (aarch64-oe-linux)]
  ignore line: [	compiled by GNU C version 9.3.0  GMP version 6.2.0  MPFR version 4.0.2  MPC version 1.1.0  isl version none]
  ignore line: [GGC heuristics: --param ggc-min-expand=100 --param ggc-min-heapsize=131072]
  ignore line: [ignoring nonexistent directory "/usr/local/oecore-x86_64/sysroots/aarch64-oe-linux/usr/local/include"]
  ignore line: [ignoring nonexistent directory "/usr/local/oecore-x86_64/sysroots/x86_64-oesdk-linux/usr/lib/aarch64-oe-linux/gcc/aarch64-oe-linux/9.3.0/../../../../../aarch64-oe-linux/include"]
  ignore line: [#include "..." search starts here:]
  ignore line: [#include <...> search starts here:]
  ignore line: [ /usr/local/oecore-x86_64/sysroots/aarch64-oe-linux/usr/include/c++/9.3.0]
  ignore line: [ /usr/local/oecore-x86_64/sysroots/aarch64-oe-linux/usr/include/c++/9.3.0/aarch64-oe-linux]
  ignore line: [ /usr/local/oecore-x86_64/sysroots/aarch64-oe-linux/usr/include/c++/9.3.0/backward]
  ignore line: [ /usr/local/oecore-x86_64/sysroots/x86_64-oesdk-linux/usr/lib/aarch64-oe-linux/gcc/aarch64-oe-linux/9.3.0/include]
  ignore line: [ /usr/local/oecore-x86_64/sysroots/aarch64-oe-linux/usr/lib/aarch64-oe-linux/9.3.0/include]
  ignore line: [ /usr/local/oecore-x86_64/sysroots/x86_64-oesdk-linux/usr/lib/aarch64-oe-linux/gcc/aarch64-oe-linux/9.3.0/include-fixed]
  ignore line: [ /usr/local/oecore-x86_64/sysroots/aarch64-oe-linux/usr/include/]
  ignore line: [End of search list.]
  ignore line: [GNU C++14 (GCC) version 9.3.0 (aarch64-oe-linux)]
  ignore line: [	compiled by GNU C version 9.3.0  GMP version 6.2.0  MPFR version 4.0.2  MPC version 1.1.0  isl version none]
  ignore line: [GGC heuristics: --param ggc-min-expand=100 --param ggc-min-heapsize=131072]
  ignore line: [Compiler executable checksum: c4a2a0761fbe33fdb58227d3a892610d]
  ignore line: [COLLECT_GCC_OPTIONS='--sysroot=/usr/local/oecore-x86_64/sysroots/aarch64-oe-linux' '-march=armv8-a' '-mcpu=cortex-a57' '-mtune=cortex-a57' '-O2' '-fomit-frame-pointer' '-fexpensive-optimizations' '-frename-registers' '-ftree-vectorize' '-finline-functions' '-finline-limit=64' '-Wno-error=maybe-uninitialized' '-Wno-error=unused-result' '-v' '-o' 'CMakeFiles/cmTC_0dda0.dir/CMakeCXXCompilerABI.cpp.o' '-c' '-shared-libgcc' '-mlittle-endian' '-mabi=lp64']
  ignore line: [ /usr/local/oecore-x86_64/sysroots/x86_64-oesdk-linux/usr/libexec/aarch64-oe-linux/gcc/aarch64-oe-linux/9.3.0/as -v -EL -march=armv8-a -march=armv8-a+crc -mabi=lp64 --noexecstack -o CMakeFiles/cmTC_0dda0.dir/CMakeCXXCompilerABI.cpp.o /tmp/cc3EVRYT.s]
  ignore line: [GNU assembler version 2.29.1 (aarch64-oe-linux) using BFD version (GNU Binutils) 2.29.1.20180115]
  ignore line: [COMPILER_PATH=/usr/local/oecore-x86_64/sysroots/x86_64-oesdk-linux/usr/libexec/aarch64-oe-linux/gcc/aarch64-oe-linux/9.3.0/:/usr/local/oecore-x86_64/sysroots/x86_64-oesdk-linux/usr/libexec/aarch64-oe-linux/gcc/aarch64-oe-linux/9.3.0/:/usr/local/oecore-x86_64/sysroots/x86_64-oesdk-linux/usr/libexec/aarch64-oe-linux/gcc/aarch64-oe-linux/:/usr/local/oecore-x86_64/sysroots/x86_64-oesdk-linux/usr/lib/aarch64-oe-linux/gcc/aarch64-oe-linux/9.3.0/:/usr/local/oecore-x86_64/sysroots/x86_64-oesdk-linux/usr/lib/aarch64-oe-linux/gcc/aarch64-oe-linux/]
  ignore line: [LIBRARY_PATH=/usr/local/oecore-x86_64/sysroots/x86_64-oesdk-linux/usr/lib/aarch64-oe-linux/gcc/aarch64-oe-linux/9.3.0/:/usr/local/oecore-x86_64/sysroots/aarch64-oe-linux/lib/:/usr/local/oecore-x86_64/sysroots/aarch64-oe-linux/usr/lib/aarch64-oe-linux/9.3.0/:/usr/local/oecore-x86_64/sysroots/aarch64-oe-linux/usr/lib/]
  ignore line: [COLLECT_GCC_OPTIONS='--sysroot=/usr/local/oecore-x86_64/sysroots/aarch64-oe-linux' '-march=armv8-a' '-mcpu=cortex-a57' '-mtune=cortex-a57' '-O2' '-fomit-frame-pointer' '-fexpensive-optimizations' '-frename-registers' '-ftree-vectorize' '-finline-functions' '-finline-limit=64' '-Wno-error=maybe-uninitialized' '-Wno-error=unused-result' '-v' '-o' 'CMakeFiles/cmTC_0dda0.dir/CMakeCXXCompilerABI.cpp.o' '-c' '-shared-libgcc' '-mlittle-endian' '-mabi=lp64']
  ignore line: [Linking CXX executable cmTC_0dda0]
  ignore line: [/usr/local/oecore-x86_64/sysroots/x86_64-oesdk-linux/usr/bin/cmake -E cmake_link_script CMakeFiles/cmTC_0dda0.dir/link.txt --verbose=1]
  ignore line: [/usr/local/oecore-x86_64/sysroots/x86_64-oesdk-linux/usr/bin/aarch64-oe-linux/aarch64-oe-linux-g++  -march=armv8-a -mcpu=cortex-a57 -mtune=cortex-a57 --sysroot=/usr/local/oecore-x86_64/sysroots/aarch64-oe-linux --sysroot=/usr/local/oecore-x86_64/sysroots/aarch64-oe-linux   -O2 -fomit-frame-pointer    -Wa --noexecstack -fexpensive-optimizations   -frename-registers -ftree-vectorize   -finline-functions -finline-limit=64   -Wno-error=maybe-uninitialized -Wno-error=unused-result       -Wl -O1 -Wl --hash-style=gnu -Wl --as-needed -v CMakeFiles/cmTC_0dda0.dir/CMakeCXXCompilerABI.cpp.o  -o cmTC_0dda0 ]
  ignore line: [Using built-in specs.]
  ignore line: [COLLECT_GCC=/usr/local/oecore-x86_64/sysroots/x86_64-oesdk-linux/usr/bin/aarch64-oe-linux/aarch64-oe-linux-g++]
  ignore line: [COLLECT_LTO_WRAPPER=/usr/local/oecore-x86_64/sysroots/x86_64-oesdk-linux/usr/libexec/aarch64-oe-linux/gcc/aarch64-oe-linux/9.3.0/lto-wrapper]
  ignore line: [Target: aarch64-oe-linux]
  ignore line: [Configured with: ../../../../../../work-shared/gcc-9.3.0-r0/gcc-9.3.0/configure --build=x86_64-linux --host=x86_64-oesdk-linux --target=aarch64-oe-linux --prefix=/usr/local/oecore-x86_64/sysroots/x86_64-oesdk-linux/usr --exec_prefix=/usr/local/oecore-x86_64/sysroots/x86_64-oesdk-linux/usr --bindir=/usr/local/oecore-x86_64/sysroots/x86_64-oesdk-linux/usr/bin/aarch64-oe-linux --sbindir=/usr/local/oecore-x86_64/sysroots/x86_64-oesdk-linux/usr/bin/aarch64-oe-linux --libexecdir=/usr/local/oecore-x86_64/sysroots/x86_64-oesdk-linux/usr/libexec/aarch64-oe-linux --datadir=/usr/local/oecore-x86_64/sysroots/x86_64-oesdk-linux/usr/share --sysconfdir=/usr/local/oecore-x86_64/sysroots/x86_64-oesdk-linux/etc --sharedstatedir=/usr/local/oecore-x86_64/sysroots/x86_64-oesdk-linux/com --localstatedir=/usr/local/oecore-x86_64/sysroots/x86_64-oesdk-linux/var --libdir=/usr/local/oecore-x86_64/sysroots/x86_64-oesdk-linux/usr/lib/aarch64-oe-linux --includedir=/usr/local/oecore-x86_64/sysroots/x86_64-oesdk-linux/usr/include --oldincludedir=/usr/local/oecore-x86_64/sysroots/x86_64-oesdk-linux/usr/include --infodir=/usr/local/oecore-x86_64/sysroots/x86_64-oesdk-linux/usr/share/info --mandir=/usr/local/oecore-x86_64/sysroots/x86_64-oesdk-linux/usr/share/man --disable-silent-rules --disable-dependency-tracking --with-libtool-sysroot=/home/shan/git/bsp/edge_bsp_sa8195/sources/apps/apps_proc/poky/build/tmp-glibc/work/x86_64-nativesdk-oesdk-linux/gcc-cross-canadian-aarch64/9.3.0-r0/recipe-sysroot --with-gnu-ld --enable-shared --enable-languages=c,c++,fortran --enable-threads=posix --enable-multilib --enable-c99 --enable-long-long --enable-symvers=gnu --enable-libstdcxx-pch --program-prefix=aarch64-oe-linux- --without-local-prefix --disable-install-libiberty --enable-lto --disable-libssp --enable-libitm --disable-bootstrap --disable-libmudflap --with-system-zlib --with-linker-hash-style=gnu --enable-linker-build-id --with-ppl=no --with-cloog=no --enable-checking=release --enable-cheaders=c_global --without-isl --with-gxx-include-dir=/not/exist/usr/include/c++/9.3.0 --with-build-time-tools=/home/shan/git/bsp/edge_bsp_sa8195/sources/apps/apps_proc/poky/build/tmp-glibc/work/x86_64-nativesdk-oesdk-linux/gcc-cross-canadian-aarch64/9.3.0-r0/recipe-sysroot-native/usr/aarch64-oe-linux/bin --with-sysroot=/not/exist --with-build-sysroot=/home/shan/git/bsp/edge_bsp_sa8195/sources/apps/apps_proc/poky/build/tmp-glibc/work/x86_64-nativesdk-oesdk-linux/gcc-cross-canadian-aarch64/9.3.0-r0/recipe-sysroot --enable-poison-system-directories --enable-nls --with-glibc-version=2.28 --enable-initfini-array --enable-__cxa_atexit]
  ignore line: [Thread model: posix]
  ignore line: [gcc version 9.3.0 (GCC) ]
  ignore line: [COMPILER_PATH=/usr/local/oecore-x86_64/sysroots/x86_64-oesdk-linux/usr/libexec/aarch64-oe-linux/gcc/aarch64-oe-linux/9.3.0/:/usr/local/oecore-x86_64/sysroots/x86_64-oesdk-linux/usr/libexec/aarch64-oe-linux/gcc/aarch64-oe-linux/9.3.0/:/usr/local/oecore-x86_64/sysroots/x86_64-oesdk-linux/usr/libexec/aarch64-oe-linux/gcc/aarch64-oe-linux/:/usr/local/oecore-x86_64/sysroots/x86_64-oesdk-linux/usr/lib/aarch64-oe-linux/gcc/aarch64-oe-linux/9.3.0/:/usr/local/oecore-x86_64/sysroots/x86_64-oesdk-linux/usr/lib/aarch64-oe-linux/gcc/aarch64-oe-linux/]
  ignore line: [LIBRARY_PATH=/usr/local/oecore-x86_64/sysroots/x86_64-oesdk-linux/usr/lib/aarch64-oe-linux/gcc/aarch64-oe-linux/9.3.0/:/usr/local/oecore-x86_64/sysroots/aarch64-oe-linux/lib/:/usr/local/oecore-x86_64/sysroots/aarch64-oe-linux/usr/lib/aarch64-oe-linux/9.3.0/:/usr/local/oecore-x86_64/sysroots/aarch64-oe-linux/usr/lib/]
  ignore line: [COLLECT_GCC_OPTIONS='--sysroot=/usr/local/oecore-x86_64/sysroots/aarch64-oe-linux' '-march=armv8-a' '-mcpu=cortex-a57' '-mtune=cortex-a57' '-O2' '-fomit-frame-pointer' '-fexpensive-optimizations' '-frename-registers' '-ftree-vectorize' '-finline-functions' '-finline-limit=64' '-Wno-error=maybe-uninitialized' '-Wno-error=unused-result' '-v' '-o' 'cmTC_0dda0' '-shared-libgcc' '-mlittle-endian' '-mabi=lp64']
  link line: [ /usr/local/oecore-x86_64/sysroots/x86_64-oesdk-linux/usr/libexec/aarch64-oe-linux/gcc/aarch64-oe-linux/9.3.0/collect2 -plugin /usr/local/oecore-x86_64/sysroots/x86_64-oesdk-linux/usr/libexec/aarch64-oe-linux/gcc/aarch64-oe-linux/9.3.0/liblto_plugin.so -plugin-opt=/usr/local/oecore-x86_64/sysroots/x86_64-oesdk-linux/usr/libexec/aarch64-oe-linux/gcc/aarch64-oe-linux/9.3.0/lto-wrapper -plugin-opt=-fresolution=/tmp/ccaVZr4n.res -plugin-opt=-pass-through=-lgcc_s -plugin-opt=-pass-through=-lgcc -plugin-opt=-pass-through=-lc -plugin-opt=-pass-through=-lgcc_s -plugin-opt=-pass-through=-lgcc --sysroot=/usr/local/oecore-x86_64/sysroots/aarch64-oe-linux --build-id --eh-frame-hdr --hash-style=gnu -dynamic-linker /lib/ld-linux-aarch64.so.1 -X -EL -maarch64linux -o cmTC_0dda0 /usr/local/oecore-x86_64/sysroots/aarch64-oe-linux/usr/lib/crt1.o /usr/local/oecore-x86_64/sysroots/aarch64-oe-linux/usr/lib/crti.o /usr/local/oecore-x86_64/sysroots/aarch64-oe-linux/usr/lib/aarch64-oe-linux/9.3.0/crtbegin.o -L/usr/local/oecore-x86_64/sysroots/x86_64-oesdk-linux/usr/lib/aarch64-oe-linux/gcc/aarch64-oe-linux/9.3.0 -L/usr/local/oecore-x86_64/sysroots/aarch64-oe-linux/lib -L/usr/local/oecore-x86_64/sysroots/aarch64-oe-linux/usr/lib/aarch64-oe-linux/9.3.0 -L/usr/local/oecore-x86_64/sysroots/aarch64-oe-linux/usr/lib -O1 --hash-style=gnu --as-needed CMakeFiles/cmTC_0dda0.dir/CMakeCXXCompilerABI.cpp.o -lstdc++ -lm -lgcc_s -lgcc -lc -lgcc_s -lgcc /usr/local/oecore-x86_64/sysroots/aarch64-oe-linux/usr/lib/aarch64-oe-linux/9.3.0/crtend.o /usr/local/oecore-x86_64/sysroots/aarch64-oe-linux/usr/lib/crtn.o]
    arg [/usr/local/oecore-x86_64/sysroots/x86_64-oesdk-linux/usr/libexec/aarch64-oe-linux/gcc/aarch64-oe-linux/9.3.0/collect2] ==> ignore
    arg [-plugin] ==> ignore
    arg [/usr/local/oecore-x86_64/sysroots/x86_64-oesdk-linux/usr/libexec/aarch64-oe-linux/gcc/aarch64-oe-linux/9.3.0/liblto_plugin.so] ==> ignore
    arg [-plugin-opt=/usr/local/oecore-x86_64/sysroots/x86_64-oesdk-linux/usr/libexec/aarch64-oe-linux/gcc/aarch64-oe-linux/9.3.0/lto-wrapper] ==> ignore
    arg [-plugin-opt=-fresolution=/tmp/ccaVZr4n.res] ==> ignore
    arg [-plugin-opt=-pass-through=-lgcc_s] ==> ignore
    arg [-plugin-opt=-pass-through=-lgcc] ==> ignore
    arg [-plugin-opt=-pass-through=-lc] ==> ignore
    arg [-plugin-opt=-pass-through=-lgcc_s] ==> ignore
    arg [-plugin-opt=-pass-through=-lgcc] ==> ignore
    arg [--sysroot=/usr/local/oecore-x86_64/sysroots/aarch64-oe-linux] ==> ignore
    arg [--build-id] ==> ignore
    arg [--eh-frame-hdr] ==> ignore
    arg [--hash-style=gnu] ==> ignore
    arg [-dynamic-linker] ==> ignore
    arg [/lib/ld-linux-aarch64.so.1] ==> ignore
    arg [-X] ==> ignore
    arg [-EL] ==> ignore
    arg [-maarch64linux] ==> ignore
    arg [-o] ==> ignore
    arg [cmTC_0dda0] ==> ignore
    arg [/usr/local/oecore-x86_64/sysroots/aarch64-oe-linux/usr/lib/crt1.o] ==> ignore
    arg [/usr/local/oecore-x86_64/sysroots/aarch64-oe-linux/usr/lib/crti.o] ==> ignore
    arg [/usr/local/oecore-x86_64/sysroots/aarch64-oe-linux/usr/lib/aarch64-oe-linux/9.3.0/crtbegin.o] ==> ignore
    arg [-L/usr/local/oecore-x86_64/sysroots/x86_64-oesdk-linux/usr/lib/aarch64-oe-linux/gcc/aarch64-oe-linux/9.3.0] ==> dir [/usr/local/oecore-x86_64/sysroots/x86_64-oesdk-linux/usr/lib/aarch64-oe-linux/gcc/aarch64-oe-linux/9.3.0]
    arg [-L/usr/local/oecore-x86_64/sysroots/aarch64-oe-linux/lib] ==> dir [/usr/local/oecore-x86_64/sysroots/aarch64-oe-linux/lib]
    arg [-L/usr/local/oecore-x86_64/sysroots/aarch64-oe-linux/usr/lib/aarch64-oe-linux/9.3.0] ==> dir [/usr/local/oecore-x86_64/sysroots/aarch64-oe-linux/usr/lib/aarch64-oe-linux/9.3.0]
    arg [-L/usr/local/oecore-x86_64/sysroots/aarch64-oe-linux/usr/lib] ==> dir [/usr/local/oecore-x86_64/sysroots/aarch64-oe-linux/usr/lib]
    arg [-O1] ==> ignore
    arg [--hash-style=gnu] ==> ignore
    arg [--as-needed] ==> ignore
    arg [CMakeFiles/cmTC_0dda0.dir/CMakeCXXCompilerABI.cpp.o] ==> ignore
    arg [-lstdc++] ==> lib [stdc++]
    arg [-lm] ==> lib [m]
    arg [-lgcc_s] ==> lib [gcc_s]
    arg [-lgcc] ==> lib [gcc]
    arg [-lc] ==> lib [c]
    arg [-lgcc_s] ==> lib [gcc_s]
    arg [-lgcc] ==> lib [gcc]
    arg [/usr/local/oecore-x86_64/sysroots/aarch64-oe-linux/usr/lib/aarch64-oe-linux/9.3.0/crtend.o] ==> ignore
    arg [/usr/local/oecore-x86_64/sysroots/aarch64-oe-linux/usr/lib/crtn.o] ==> ignore
  collapse library dir [/usr/local/oecore-x86_64/sysroots/x86_64-oesdk-linux/usr/lib/aarch64-oe-linux/gcc/aarch64-oe-linux/9.3.0] ==> [/usr/local/oecore-x86_64/sysroots/x86_64-oesdk-linux/usr/lib/aarch64-oe-linux/gcc/aarch64-oe-linux/9.3.0]
  collapse library dir [/usr/local/oecore-x86_64/sysroots/aarch64-oe-linux/lib] ==> [/usr/local/oecore-x86_64/sysroots/aarch64-oe-linux/lib]
  collapse library dir [/usr/local/oecore-x86_64/sysroots/aarch64-oe-linux/usr/lib/aarch64-oe-linux/9.3.0] ==> [/usr/local/oecore-x86_64/sysroots/aarch64-oe-linux/usr/lib/aarch64-oe-linux/9.3.0]
  collapse library dir [/usr/local/oecore-x86_64/sysroots/aarch64-oe-linux/usr/lib] ==> [/usr/local/oecore-x86_64/sysroots/aarch64-oe-linux/usr/lib]
  implicit libs: [stdc++;m;gcc_s;gcc;c;gcc_s;gcc]
  implicit dirs: [/usr/local/oecore-x86_64/sysroots/x86_64-oesdk-linux/usr/lib/aarch64-oe-linux/gcc/aarch64-oe-linux/9.3.0;/usr/local/oecore-x86_64/sysroots/aarch64-oe-linux/lib;/usr/local/oecore-x86_64/sysroots/aarch64-oe-linux/usr/lib/aarch64-oe-linux/9.3.0;/usr/local/oecore-x86_64/sysroots/aarch64-oe-linux/usr/lib]
  implicit fwks: []


Determining if the include file pthread.h exists passed with the following output:
Change Dir: /home/sujin/01_WORK/edge_sdk_r22-11-SDK_ori/sample_code/DataFusion/build/CMakeFiles/CMakeTmp

Run Build Command(s):/usr/local/oecore-x86_64/sysroots/x86_64-oesdk-linux/usr/bin/make cmTC_27de0/fast && /usr/local/oecore-x86_64/sysroots/x86_64-oesdk-linux/usr/bin/make -f CMakeFiles/cmTC_27de0.dir/build.make CMakeFiles/cmTC_27de0.dir/build
make[1]: Entering directory '/home/sujin/01_WORK/edge_sdk_r22-11-SDK_ori/sample_code/DataFusion/build/CMakeFiles/CMakeTmp'
Building CXX object CMakeFiles/cmTC_27de0.dir/CheckIncludeFile.cxx.o
/usr/local/oecore-x86_64/sysroots/x86_64-oesdk-linux/usr/bin/aarch64-oe-linux/aarch64-oe-linux-g++  -march=armv8-a -mcpu=cortex-a57 -mtune=cortex-a57 --sysroot=/usr/local/oecore-x86_64/sysroots/aarch64-oe-linux --sysroot=/usr/local/oecore-x86_64/sysroots/aarch64-oe-linux    -O2 -fomit-frame-pointer    -Wa,--noexecstack -fexpensive-optimizations   -frename-registers -ftree-vectorize   -finline-functions -finline-limit=64   -Wno-error=maybe-uninitialized -Wno-error=unused-result        -std=c++14 -o CMakeFiles/cmTC_27de0.dir/CheckIncludeFile.cxx.o -c /home/sujin/01_WORK/edge_sdk_r22-11-SDK_ori/sample_code/DataFusion/build/CMakeFiles/CMakeTmp/CheckIncludeFile.cxx
Linking CXX executable cmTC_27de0
/usr/local/oecore-x86_64/sysroots/x86_64-oesdk-linux/usr/bin/cmake -E cmake_link_script CMakeFiles/cmTC_27de0.dir/link.txt --verbose=1
/usr/local/oecore-x86_64/sysroots/x86_64-oesdk-linux/usr/bin/aarch64-oe-linux/aarch64-oe-linux-g++  -march=armv8-a -mcpu=cortex-a57 -mtune=cortex-a57 --sysroot=/usr/local/oecore-x86_64/sysroots/aarch64-oe-linux --sysroot=/usr/local/oecore-x86_64/sysroots/aarch64-oe-linux   -O2 -fomit-frame-pointer    -Wa,--noexecstack -fexpensive-optimizations   -frename-registers -ftree-vectorize   -finline-functions -finline-limit=64   -Wno-error=maybe-uninitialized -Wno-error=unused-result       -Wl,-O1 -Wl,--hash-style=gnu -Wl,--as-needed  CMakeFiles/cmTC_27de0.dir/CheckIncludeFile.cxx.o  -o cmTC_27de0 
make[1]: Leaving directory '/home/sujin/01_WORK/edge_sdk_r22-11-SDK_ori/sample_code/DataFusion/build/CMakeFiles/CMakeTmp'



